TN:
SF:C:\git\calc\spec\calc.spec.js
FN:1,(anonymous_1)
FN:6,__webpack_require__
FN:46,(anonymous_3)
FN:54,_interopRequireDefault
FN:56,(anonymous_5)
FN:58,(anonymous_6)
FN:68,(anonymous_7)
FN:76,(anonymous_8)
FN:76,defineProperties
FN:76,(anonymous_10)
FN:78,_classCallCheck
FN:80,(anonymous_12)
FN:81,Calculator
FN:87,add
FNF:14
FNH:14
FNDA:1,(anonymous_1)
FNDA:2,__webpack_require__
FNDA:1,(anonymous_3)
FNDA:1,_interopRequireDefault
FNDA:1,(anonymous_5)
FNDA:1,(anonymous_6)
FNDA:1,(anonymous_7)
FNDA:1,(anonymous_8)
FNDA:1,defineProperties
FNDA:1,(anonymous_10)
FNDA:1,_classCallCheck
FNDA:1,(anonymous_12)
FNDA:1,Calculator
FNDA:1,add
DA:1,1
DA:3,1
DA:6,1
DA:9,2
DA:10,0
DA:13,2
DA:20,2
DA:23,2
DA:26,2
DA:31,1
DA:34,1
DA:37,1
DA:40,1
DA:50,1
DA:52,1
DA:54,1
DA:56,1
DA:58,1
DA:59,1
DA:60,1
DA:61,1
DA:72,1
DA:76,1
DA:78,1
DA:80,1
DA:81,1
DA:82,1
DA:85,1
DA:88,1
DA:89,1
DA:93,1
DA:96,1
LF:32
LH:31
BRDA:9,1,0,0
BRDA:9,1,1,2
BRDA:54,2,0,1
BRDA:54,2,1,0
BRDA:54,3,0,1
BRDA:54,3,1,1
BRDA:76,4,0,1
BRDA:76,4,1,1
BRDA:76,5,0,1
BRDA:76,5,1,0
BRDA:76,6,0,1
BRDA:76,6,1,0
BRDA:76,7,0,0
BRDA:76,7,1,1
BRDA:78,8,0,0
BRDA:78,8,1,1
BRF:16
BRH:10
end_of_record
